<?xml version="1.0" encoding="utf-8" standalone="no"?>
<!--This file represents the results of running a test suite-->
<test-results name="C:\Users\GSREDDY\Documents\GitHub\SimpleCalc\CalculatorTests\CalculatorTests.nunit" total="1" errors="0" failures="0" not-run="0" inconclusive="0" ignored="0" skipped="0" invalid="0" date="2014-01-12" time="13:59:57">
  <environment nunit-version="2.6.3.13283" clr-version="2.0.50727.5472" os-version="Microsoft Windows NT 6.1.7601 Service Pack 1" platform="Win32NT" cwd="C:\Users\GSREDDY\Documents\GitHub\SimpleCalc\binaries\nunit" machine-name="GSREDDY-PC" user="GSREDDY" user-domain="GSREDDY-PC" />
  <culture-info current-culture="en-US" current-uiculture="en-US" />
  <test-suite type="Project" name="C:\Users\GSREDDY\Documents\GitHub\SimpleCalc\CalculatorTests\CalculatorTests.nunit" executed="True" result="Success" success="True" time="0.291" asserts="0">
    <results>
      <test-suite type="Assembly" name="C:\Users\GSREDDY\Documents\GitHub\SimpleCalc\CalculatorTests\bin\Debug\CalculatorTests.dll" executed="True" result="Success" success="True" time="0.200" asserts="0">
        <results>
          <test-suite type="Namespace" name="CalculatorTests" executed="True" result="Success" success="True" time="0.197" asserts="0">
            <results>
              <test-suite type="TestFixture" name="UnitTest1" executed="True" result="Success" success="True" time="0.177" asserts="0">
                <results>
                  <test-case name="CalculatorTests.UnitTest1.TestMethod1" executed="True" result="Success" success="True" time="0.108" asserts="1" />
                </results>
              </test-suite>
            </results>
          </test-suite>
        </results>
      </test-suite>
    </results>
  </test-suite>
</test-results>